#! /c/Source/iverilog-install/bin/vvp
:ivl_version "12.0 (devel)" "(s20150603-1539-g2693dd32b)";
:ivl_delay_selection "TYPICAL";
:vpi_time_precision - 12;
:vpi_module "C:\iverilog\lib\ivl\system.vpi";
:vpi_module "C:\iverilog\lib\ivl\vhdl_sys.vpi";
:vpi_module "C:\iverilog\lib\ivl\vhdl_textio.vpi";
:vpi_module "C:\iverilog\lib\ivl\v2005_math.vpi";
:vpi_module "C:\iverilog\lib\ivl\va_math.vpi";
S_000001420f6fe990 .scope module, "lfsr_tb" "lfsr_tb" 2 2;
 .timescale -9 -12;
v000001420f8a16d0_0 .net "bitstream", 21 0, v000001420f6f68d0_0;  1 drivers
v000001420f8a1770_0 .var "clk", 0 0;
v000001420f8a0ff0_0 .var "reset", 0 0;
v000001420f8a0eb0_0 .var "rounds", 4 0;
S_000001420f6feb20 .scope module, "lfsr_inst" "lfsr" 2 9, 3 3 0, S_000001420f6fe990;
 .timescale -9 -12;
    .port_info 0 /INPUT 1 "clk";
    .port_info 1 /INPUT 1 "reset";
    .port_info 2 /INPUT 5 "rounds";
    .port_info 3 /OUTPUT 22 "bitstream";
L_000001420f8961b0 .functor BUFZ 1, v000001420f6fed50_0, C4<0>, C4<0>, C4<0>;
L_000001420f895ff0 .functor BUFZ 1, v000001420f8f4840_0, C4<0>, C4<0>, C4<0>;
L_000001420f896140 .functor BUFZ 1, v000001420f8f48e0_0, C4<0>, C4<0>, C4<0>;
L_000001420f896220 .functor BUFZ 1, v000001420f8f4980_0, C4<0>, C4<0>, C4<0>;
L_000001420f896300 .functor XOR 1, v000001420f6fed50_0, v000001420f8f4840_0, C4<0>, C4<0>;
L_000001420f8960d0 .functor XOR 1, L_000001420f896300, v000001420f8f4980_0, C4<0>, C4<0>;
v000001420f6f6b30_0 .net *"_ivl_8", 0 0, L_000001420f896300;  1 drivers
v000001420f6f68d0_0 .var "bitstream", 21 0;
v000001420f6fbd60_0 .net "clk", 0 0, v000001420f8a1770_0;  1 drivers
v000001420f6fecb0_0 .var "counter", 4 0;
v000001420f6fed50_0 .var "r1", 0 0;
v000001420f8f4840_0 .var "r2", 0 0;
v000001420f8f48e0_0 .var "r3", 0 0;
v000001420f8f4980_0 .var "r4", 0 0;
v000001420f8f4a20_0 .net "reset", 0 0, v000001420f8a0ff0_0;  1 drivers
v000001420f8f4ac0_0 .net "rounds", 4 0, v000001420f8a0eb0_0;  1 drivers
v000001420f8f4b60_0 .var "seed", 3 0;
v000001420f8f4c00_0 .net "y1", 0 0, L_000001420f8961b0;  1 drivers
v000001420f8f4ca0_0 .net "y2", 0 0, L_000001420f895ff0;  1 drivers
v000001420f8f4d40_0 .net "y3", 0 0, L_000001420f896140;  1 drivers
v000001420f8a0f50_0 .net "y4", 0 0, L_000001420f896220;  1 drivers
v000001420f8a0af0_0 .net "y5", 0 0, L_000001420f8960d0;  1 drivers
E_000001420f894e00 .event posedge, v000001420f6fbd60_0;
    .scope S_000001420f6feb20;
T_0 ;
    %wait E_000001420f894e00;
    %load/vec4 v000001420f8f4a20_0;
    %flag_set/vec4 8;
    %jmp/0xz  T_0.0, 8;
    %pushi/vec4 14, 0, 4;
    %store/vec4 v000001420f8f4b60_0, 0, 4;
    %load/vec4 v000001420f8f4b60_0;
    %parti/s 1, 3, 3;
    %assign/vec4 v000001420f6fed50_0, 0;
    %load/vec4 v000001420f8f4b60_0;
    %parti/s 1, 2, 3;
    %assign/vec4 v000001420f8f4840_0, 0;
    %load/vec4 v000001420f8f4b60_0;
    %parti/s 1, 1, 2;
    %assign/vec4 v000001420f8f48e0_0, 0;
    %load/vec4 v000001420f8f4b60_0;
    %parti/s 1, 0, 2;
    %assign/vec4 v000001420f8f4980_0, 0;
    %load/vec4 v000001420f8f4ac0_0;
    %assign/vec4 v000001420f6fecb0_0, 0;
    %pushi/vec4 0, 0, 22;
    %assign/vec4 v000001420f6f68d0_0, 0;
T_0.0 ;
    %load/vec4 v000001420f6fecb0_0;
    %inv;
    %cmpi/ne 0, 0, 5;
    %jmp/0xz  T_0.2, 4;
    %load/vec4 v000001420f8a0af0_0;
    %assign/vec4 v000001420f6fed50_0, 0;
    %load/vec4 v000001420f8f4c00_0;
    %assign/vec4 v000001420f8f4840_0, 0;
    %load/vec4 v000001420f8f4ca0_0;
    %assign/vec4 v000001420f8f48e0_0, 0;
    %load/vec4 v000001420f8f4d40_0;
    %assign/vec4 v000001420f8f4980_0, 0;
    %load/vec4 v000001420f6fecb0_0;
    %subi 1, 0, 5;
    %store/vec4 v000001420f6fecb0_0, 0, 5;
    %load/vec4 v000001420f6f68d0_0;
    %parti/s 21, 1, 2;
    %load/vec4 v000001420f8f4980_0;
    %concat/vec4; draw_concat_vec4
    %store/vec4 v000001420f6f68d0_0, 0, 22;
    %load/vec4 v000001420f6f68d0_0;
    %ix/load 4, 1, 0;
    %flag_set/imm 4, 0;
    %shiftl 4;
    %store/vec4 v000001420f6f68d0_0, 0, 22;
T_0.2 ;
    %jmp T_0;
    .thread T_0;
    .scope S_000001420f6fe990;
T_1 ;
    %delay 5000, 0;
    %load/vec4 v000001420f8a1770_0;
    %nor/r;
    %store/vec4 v000001420f8a1770_0, 0, 1;
    %jmp T_1;
    .thread T_1;
    .scope S_000001420f6fe990;
T_2 ;
    %vpi_call 2 18 "$dumpfile", "dump.vcd" {0 0 0};
    %vpi_call 2 19 "$dumpvars", 32'sb00000000000000000000000000000000, S_000001420f6fe990 {0 0 0};
    %pushi/vec4 20, 0, 5;
    %store/vec4 v000001420f8a0eb0_0, 0, 5;
    %pushi/vec4 1, 0, 1;
    %store/vec4 v000001420f8a0ff0_0, 0, 1;
    %pushi/vec4 0, 0, 1;
    %store/vec4 v000001420f8a1770_0, 0, 1;
    %delay 7000, 0;
    %pushi/vec4 0, 0, 1;
    %store/vec4 v000001420f8a0ff0_0, 0, 1;
    %delay 250000, 0;
    %vpi_call 2 24 "$finish" {0 0 0};
    %end;
    .thread T_2;
# The file index is used to find the file name in the following table.
:file_names 4;
    "N/A";
    "<interactive>";
    "tb.v";
    "lfsr.v";
